Sample Plaintext: THEQUICKBROWNFOXJUMPSOVERTHELAZYDOG
Sample Ciphertext: ZRMQPAFSYCICFLJSGQPPRAFRTEUEOCXDWVQ
Sample Decrypt: THEQUICKBROWNFOXJUMPSOVERTHELAZYDOG
Begin Challenge Log
0: rotor: ['Y', 'Z', 'X'], plugboard: [('D', 'X'), ('H', 'I'), ('J', 'S'), ('N', 'Z'), ('O', 'R'), ('P', 'Y')] setting: ['J', 'L', 'A']
     0: msg: CXAVMP ct: JKFZPL
     1: msg: IQIZLY ct: RRHVAY
     2: msg: VMZVCC ct: GJTZVB
     3: msg: KIFVBE ct: AIAZWS
     4: msg: EOHKPS ct: HSIMME
     5: msg: XNYOCQ ct: TDSOVN
     6: msg: JKRZTD ct: CXRVTI
     7: msg: CBYUXM ct: JCSQOH
     8: msg: AWOCRZ ct: KTNISZ
     9: msg: SQVWEN ct: ZRQBQQ
    10: msg: FFPJZX ct: YLMPDW
    11: msg: HXGUMX ct: EKXQPW
    12: msg: OIDHYU ct: LIUXHV
    13: msg: OLCOSL ct: LFKORP
    14: msg: RVYKLH ct: IZSMAM
    15: msg: LKRJQX ct: OXRPEW
    16: msg: PGAANG ct: UAFGJA
    17: msg: SERQVG ct: ZERUCA
    18: msg: YEDGYJ ct: FEUAHT
    19: msg: VECKYB ct: GEKMHC
    20: msg: UTBHPV ct: PWJXMU
    21: msg: XOCEKR ct: TSKYIF
    22: msg: KAWVBP ct: AGWZWL
    23: msg: MZKAXE ct: BVCGOS
    24: msg: EKDZPN ct: HXUVMQ
    25: msg: PFRZEX ct: ULRVQW
    26: msg: LQMKWR ct: ORPMBF
    27: msg: HLOMCK ct: EFNKVO
    28: msg: UIQPSZ ct: PIVJRZ
    29: msg: LUHGCF ct: OHIAVR
    30: msg: EZSSKU ct: HVYNIV
    31: msg: DQYAGZ ct: WRSGFZ
    32: msg: NVFJYE ct: NZAPHS
    33: msg: HQVCFH ct: ERQIGM
    34: msg: GXGBSG ct: VKXWRA
    35: msg: BEIBOT ct: MEHWXJ
    36: msg: PRXNZA ct: UQGSDG
    37: msg: PVUIHY ct: UZDCYY
    38: msg: QGFPTQ ct: QAAJTN
    39: msg: UTWLND ct: PWWTJI
    40: msg: URMYOR ct: PQPEXF
    41: msg: UIDGDQ ct: PIUAZN
    42: msg: UTQHVZ ct: PWVXCZ
    43: msg: TESAHR ct: XEYGYF
    44: msg: XXUTGJ ct: TKDLFT
    45: msg: LOUZZL ct: OSDVDP
    46: msg: QDSHKP ct: QNYXIL
    47: msg: UHHTIC ct: PUILKB
    48: msg: LXEQNE ct: OKLUJS
    49: msg: BGUBBG ct: MADWWA
    50: msg: QPEVEW ct: QYLZQX
    51: msg: QPGXAM ct: QYXHLH
    52: msg: TUJCJF ct: XHBINR
    53: msg: ANEHZV ct: KDLXDU
    54: msg: ZKKSOV ct: SXCNXU
    55: msg: EOOTJK ct: HSNLNO
    56: msg: GVGFBD ct: VZXFWI
    57: msg: AGREEG ct: KARYQA
    58: msg: TULWMJ ct: XHEBPT
    59: msg: GBTYNP ct: VCZEJL
    60: msg: ECAYEY ct: HBFEQY
    61: msg: PLHAUG ct: UFIGUA
    62: msg: SGDZRN ct: ZAUVSQ
    63: msg: FDAEQJ ct: YNFYET
    64: msg: GDRCAY ct: VNRILY
    65: msg: XRDEWP ct: TQUYBL
    66: msg: FQYYRX ct: YRSESW
    67: msg: ENRRMV ct: HDRDPU
    68: msg: RQFNPW ct: IRASMX
    69: msg: ACNUNF ct: KBOQJR
    70: msg: ZNCJFK ct: SDKPGO
    71: msg: MEEZMF ct: BELVPR
    72: msg: NLMJVJ ct: NFPPCT
    73: msg: CEBKKV ct: JEJMIU
    74: msg: OUGQOS ct: LHXUXE
    75: msg: IVWZBY ct: RZWVWY
    76: msg: JESNFP ct: CEYSGL
    77: msg: CHTUKA ct: JUZQIG
    78: msg: TZLHTA ct: XVEXTG
    79: msg: ARMXYL ct: KQPHHP
    80: msg: LMFZRH ct: OJAVSM
    81: msg: SCVOFN ct: ZBQOGQ
    82: msg: GSZMNI ct: VOTKJD
    83: msg: BCYYKK ct: MBSEIO
    84: msg: LQPGWA ct: ORMABG
    85: msg: LCFFLY ct: OBAFAY
    86: msg: SBOMTG ct: ZCNKTA
    87: msg: HOBDXT ct: ESJROJ
    88: msg: APNNAQ ct: KYOSLN
    89: msg: XGXDES ct: TAGRQE
    90: msg: AUZOYH ct: KHTOHM
    91: msg: BRVDRX ct: MQQRSW
    92: msg: KJHDED ct: AMIRQI
    93: msg: SURNCD ct: ZHRSVI
    94: msg: FIAZAJ ct: YIFVLT
    95: msg: UMIAMN ct: PJHGPQ
    96: msg: KBLMNZ ct: ACEKJZ
    97: msg: PISDRV ct: UIYRSU
    98: msg: MPQHSU ct: BYVXRV
    99: msg: PAFJPW ct: UGAPMX
1: rotor: ['Y', 'Z', 'X'], plugboard: [('A', 'T'), ('F', 'P'), ('J', 'N'), ('M', 'Z'), ('Q', 'R'), ('U', 'V')] setting: ['X', 'D', 'Q']
     0: msg: WWKOOH ct: YGFREX
     1: msg: RFQQBP ct: DKMXRV
     2: msg: HBDHJP ct: BYWVZV
     3: msg: JRRCDV ct: GQSLYP
     4: msg: ZEEHJG ct: TSAVZG
     5: msg: RRTLOJ ct: DQUCEW
     6: msg: MSMHKQ ct: LEQVHS
     7: msg: FOTDCU ct: EVUBWK
     8: msg: NOLGYA ct: OVGUDB
     9: msg: FROCVB ct: EQYLLA
    10: msg: CJLMZC ct: KCGZJM
    11: msg: ZTMEIY ct: TIQIAT
    12: msg: URDVAL ct: UQWHIF
    13: msg: ORLVFE ct: NQGHPR
    14: msg: DMZOTC ct: RNZRMM
    15: msg: OJYIEB ct: NCOEOA
    16: msg: DXNCCB ct: RXCLWA
    17: msg: LFVPUK ct: MKJPNU
    18: msg: EUYADM ct: FUOYYC
    19: msg: AMMUBH ct: SNQGRX
    20: msg: TUFWCM ct: ZUKTWC
    21: msg: UJJYLL ct: UCVAVF
    22: msg: GWPUHR ct: JGXGKE
    23: msg: JUQHPM ct: GUMVFC
    24: msg: MLLUVW ct: LHGGLJ
    25: msg: UCMSRN ct: UJQNBN
    26: msg: TFRPZF ct: ZKSPJL
    27: msg: DTRALV ct: RISYVP
    28: msg: DQTPTO ct: RRUPMD
    29: msg: DCHCOO ct: RJILED
    30: msg: KYCIQX ct: CBNEGH
    31: msg: ZEBFGY ct: TSBJQT
    32: msg: BTQRTD ct: HIMOMO
    33: msg: KENZVL ct: CSCMLF
    34: msg: GDHOTG ct: JZIRMG
    35: msg: SXMOYR ct: AXQRDE
    36: msg: SVDGUI ct: AOWUNZ
    37: msg: LFWFGS ct: MKDJQQ
    38: msg: TVMFXA ct: ZOQJXB
    39: msg: ZJRRMN ct: TCSOTN
    40: msg: JVMFBI ct: GOQJRZ
    41: msg: JCOSKD ct: GJYNHO
    42: msg: JKBTQA ct: GFBWGB
    43: msg: KANHCT ct: CPCVWY
    44: msg: QOQKSQ ct: PVMKSS
    45: msg: HNNOZB ct: BMCRJA
    46: msg: GRKADT ct: JQFYYY
    47: msg: TPXHJJ ct: ZAPVZW
    48: msg: LEDZFC ct: MSWMPM
    49: msg: EMERSE ct: FNAOSR
    50: msg: NHKECM ct: OLFIWC
    51: msg: GDBLVB ct: JZBCLA
    52: msg: DMXDYB ct: RNPBDA
    53: msg: BMRCZR ct: HNSLJE
    54: msg: GBXRNV ct: JYPOUP
    55: msg: AKYVOZ ct: SFOHEI
    56: msg: SFMPBZ ct: AKQPRI
    57: msg: OEMDRD ct: NSQBBO
    58: msg: OKETGF ct: NFAWQL
    59: msg: TQQMOA ct: ZRMZEB
    60: msg: LDDIDT ct: MZWEYY
    61: msg: PYUEPL ct: QBTIFF
    62: msg: ADANCJ ct: SZESWW
    63: msg: BYNZMU ct: HBCMTK
    64: msg: ZPQVUX ct: TAMHNH
    65: msg: IWYOZU ct: IGORJK
    66: msg: ARKKEC ct: SQFKOM
    67: msg: TUVHPK ct: ZUJVFU
    68: msg: RRNQJK ct: DQCXZU
    69: msg: OOWAIQ ct: NVDYAS
    70: msg: VMYPVE ct: XNOPLR
    71: msg: IRYYWS ct: IQOACQ
    72: msg: OHXPDY ct: NLPPYT
    73: msg: POZXCQ ct: QVZQWS
    74: msg: JYOWHP ct: GBYTKV
    75: msg: OXKKSL ct: NXFKSF
    76: msg: IUQCXU ct: IUMLXK
    77: msg: TZVQLA ct: ZDJXVB
    78: msg: WWNTPF ct: YGCWFL
    79: msg: ZZLFXW ct: TDGJXJ
    80: msg: DKDZYU ct: RFWMDK
    81: msg: FKVVVH ct: EFJHLX
    82: msg: MHLVKJ ct: LLGHHW
    83: msg: HGAWPW ct: BWETFJ
    84: msg: XOUDUP ct: VVTBNV
    85: msg: ZMSNYQ ct: TNRSDS
    86: msg: XJUJRF ct: VCTFBL
    87: msg: XFLVXF ct: VKGHXL
    88: msg: NRYHLF ct: OQOVVL
    89: msg: ORWZTH ct: NQDMMX
    90: msg: QYHFWB ct: PBIJCA
    91: msg: QDFXEU ct: PZKQOK
    92: msg: HXSGVO ct: BXRULD
    93: msg: GYWGPE ct: JBDUFR
    94: msg: DEXUAW ct: RSPGIJ
    95: msg: VIKCJU ct: XTFLZK
    96: msg: LWDOUB ct: MGWRNA
    97: msg: SBXZGB ct: AYPMQA
    98: msg: XWZSQC ct: VGZNGM
    99: msg: TAZXXO ct: ZPZQXD
2: rotor: ['Z', 'Y', 'X'], plugboard: [('B', 'P'), ('D', 'Z'), ('F', 'Q'), ('I', 'L'), ('J', 'M'), ('W', 'X')] setting: ['Q', 'D', 'L']
     0: msg: WDNGIA ct: GRLLFW
     1: msg: SZAFVK ct: PPTVBB
     2: msg: NIZYYM ct: MHMDRV
     3: msg: GTEDFN ct: WEHYIN
     4: msg: EGRZAI ct: HUBRMF
     5: msg: ZIKHMN ct: DHCNAN
     6: msg: ZHESPK ct: DIHTNB
     7: msg: DSFUJF ct: ZAGKGI
     8: msg: ZWXQOD ct: DVJMOP
     9: msg: JCOSQC ct: UKSTXJ
    10: msg: KIURCE ct: XHPZWZ
    11: msg: GJIAGU ct: WBVAJH
    12: msg: VPNLLW ct: VZLGSA
    13: msg: NYXZUI ct: MYJRZF
    14: msg: PHWPTG ct: SIWJEO
    15: msg: KPWUHE ct: XZWKKZ
    16: msg: DCCPAT ct: ZKKJML
    17: msg: ZILGOL ct: DHNLOT
    18: msg: MEGMWP ct: NTFQCD
    19: msg: NLRQVY ct: MQBMBS
    20: msg: HOYKOI ct: ENYUOF
    21: msg: RFJQSW ct: RFXMLA
    22: msg: YPYKDK ct: AZYUDB
    23: msg: KFEYFF ct: XFHDII
    24: msg: XXHLWY ct: KMEGCS
    25: msg: DHHXQD ct: ZIEIXP
    26: msg: WVLRYY ct: GWNZRS
    27: msg: QQVIKT ct: ILIXHL
    28: msg: TVUATV ct: FWPAEM
    29: msg: IOLWZM ct: QNNWUV
    30: msg: WYSJNW ct: GYOPPA
    31: msg: JDCZBY ct: URKRVS
    32: msg: EHMCCT ct: HIZBWL
    33: msg: JFIVOO ct: UFVFOG
    34: msg: YISORG ct: AHOEYO
    35: msg: BDIEUA ct: ORVOZW
    36: msg: ZOLHLU ct: DNNNSH
    37: msg: HHFZHK ct: EIGRKB
    38: msg: CSPHUN ct: LAUNZN
    39: msg: OUAISV ct: BGTXLM
    40: msg: PSKYOC ct: SACDOJ
    41: msg: EARTMO ct: HSBSAG
    42: msg: QZOBGS ct: IPSCJY
    43: msg: HFNYBK ct: EFLDVB
    44: msg: BQCPNE ct: OLKJPZ
    45: msg: YQPZMZ ct: ALURAE
    46: msg: MUPNFN ct: NGUHIN
    47: msg: SRLFRV ct: PDNVYM
    48: msg: VDFDME ct: VRGYAZ
    49: msg: PYYQRI ct: SYYMYF
    50: msg: YAYTYA ct: ASYSRW
    51: msg: ROBWHY ct: RNRWKS
    52: msg: VQXBPZ ct: VLJCNE
    53: msg: YJEKMJ ct: ABHUAC
    54: msg: VEVPEA ct: VTIJTW
    55: msg: AIQDDL ct: YHDYDT
    56: msg: KAVEXF ct: XSIOQI
    57: msg: BLSVPU ct: OQOFNH
    58: msg: YIAUCE ct: AHTKWZ
    59: msg: ENNMDB ct: HOLQDK
    60: msg: ASFKCT ct: YAGUWL
    61: msg: XPXWDT ct: KZJWDL
    62: msg: JKDVEI ct: UCQFTF
    63: msg: NZSIKC ct: MPOXHJ
    64: msg: VYFPRH ct: VYGJYU
    65: msg: VHJLBX ct: VIXGVQ
    66: msg: VZOXHU ct: VPSIKH
    67: msg: EDNTBJ ct: HRLSVC
    68: msg: RDNQBT ct: RRLMVL
    69: msg: JMDFXJ ct: UXQVQC
    70: msg: ZCYFMM ct: DKYVAV
    71: msg: TBJXUI ct: FJXIZF
    72: msg: QHPASO ct: IIUALG
    73: msg: HVNMYZ ct: EWLQRE
    74: msg: WCOKVE ct: GKSUBZ
    75: msg: OMOMPN ct: BXSQNN
    76: msg: FDCBRB ct: TRKCYK
    77: msg: ELTYXW ct: HQADQA
    78: msg: ULHXLK ct: JQEISB
    79: msg: ITDNJG ct: QEQHGO
    80: msg: NQGGHA ct: MLFLKW
    81: msg: ATTEEA ct: YEAOTW
    82: msg: NCHDHV ct: MKEYKM
    83: msg: FZZKDA ct: TPMUDW
    84: msg: YPSCGQ ct: AZOBJX
    85: msg: JGSMMI ct: UUOQAF
    86: msg: VWPMTO ct: VVUQEG
    87: msg: DRRVAM ct: ZDBFMV
    88: msg: MMJMWZ ct: NXXQCE
    89: msg: WDKIIJ ct: GRCXFC
    90: msg: XBDQBW ct: KJQMVA
    91: msg: IZWMOR ct: QPWQOR
    92: msg: WUPTBM ct: GGUSVV
    93: msg: ZUIOLB ct: DGVESK
    94: msg: BOJMDT ct: ONXQDL
    95: msg: VAKQFJ ct: VSCMIC
    96: msg: GQDNYL ct: WLQHRT
    97: msg: NUOWTP ct: MGSWED
    98: msg: TMWTFS ct: FXWSIY
    99: msg: NVXWUE ct: MWJWZZ
3: rotor: ['X', 'Y', 'Z'], plugboard: [('B', 'R'), ('C', 'D'), ('H', 'K'), ('I', 'X'), ('M', 'Q'), ('Y', 'Z')] setting: ['Y', 'Q', 'B']
     0: msg: RFWQMH ct: PJIOHE
     1: msg: QVCXYM ct: IKOMQL
     2: msg: ELPLXE ct: MXBYXH
     3: msg: YEXETT ct: JNRKRB
     4: msg: HTQDZQ ct: CTLSED
     5: msg: JVZTZV ct: YKZCEP
     6: msg: CCNNLS ct: HYKPUX
     7: msg: GJBHTY ct: BFPURI
     8: msg: OXCUJV ct: WLOHGP
     9: msg: GBTDSP ct: BASSSV
    10: msg: JHRQCZ ct: YZXOKG
    11: msg: HRHPWK ct: CSDNNW
    12: msg: DYIHXV ct: XCWUXP
    13: msg: ZMGATM ct: TOAGRL
    14: msg: YFFVOI ct: JJJFAY
    15: msg: BSCJDI ct: GROWPY
    16: msg: EHKZOZ ct: MZNZAG
    17: msg: UBWNFZ ct: SAIPIG
    18: msg: OXPCYG ct: WLBTQZ
    19: msg: BLYRPB ct: GXURDT
    20: msg: DZQJWJ ct: XHLWNO
    21: msg: PFWFOX ct: RJIVAS
    22: msg: QXOEJK ct: ILCKGW
    23: msg: KBTCBV ct: AASTVP
    24: msg: ROWYON ct: PMILAF
    25: msg: WLBPUG ct: OXPNLZ
    26: msg: TZHRRP ct: ZHDRTV
    27: msg: CPQMYV ct: HDLXQP
    28: msg: QMLMGC ct: IOQXJA
    29: msg: LRIKML ct: LSWEHM
    30: msg: KYTHCH ct: ACSUKE
    31: msg: HQBRFI ct: CWPRIY
    32: msg: RRIOJT ct: PSWQGB
    33: msg: KSYDPL ct: ARUSDM
    34: msg: LFEEST ct: LJVKSB
    35: msg: YNIGBD ct: JEWAVQ
    36: msg: JXYUIZ ct: YLUHFG
    37: msg: FMERBN ct: VOVRVF
    38: msg: ZRQHZG ct: TSLUEZ
    39: msg: NLYZJP ct: NXUZGV
    40: msg: SKFPJK ct: UVJNGW
    41: msg: NCVCIY ct: NYETFI
    42: msg: MFLKGN ct: EJQEJF
    43: msg: LNNBSQ ct: LEKISD
    44: msg: JOSOOG ct: YMTQAZ
    45: msg: KDGTWS ct: APACNX
    46: msg: XVMVKM ct: DKMFCL
    47: msg: RQEPEA ct: PWVNZC
    48: msg: FREFWH ct: VSVVNE
    49: msg: YOLUOV ct: JMQHAP
    50: msg: MYUJGL ct: ECYWJM
    51: msg: NRXROC ct: NSRRAA
    52: msg: MJVGDZ ct: EFEAPG
    53: msg: NPERKY ct: NDVRCI
    54: msg: JCTDAQ ct: YYSSOD
    55: msg: SGIWNT ct: UGWJWB
    56: msg: BNYYOE ct: GEULAH
    57: msg: OTLGTW ct: WTQARK
    58: msg: UBPDFS ct: SABSIX
    59: msg: RENOZH ct: PNKQEE
    60: msg: PISJVT ct: RUTWBB
    61: msg: NZBEXR ct: NHPKXR
    62: msg: EZDYZG ct: MHHLEZ
    63: msg: RKDHZZ ct: PVHUEG
    64: msg: SCZFLQ ct: UYZVUD
    65: msg: JFRHXA ct: YJXUXC
    66: msg: FYPARS ct: VCBGTX
    67: msg: SSYUUD ct: URUHLQ
    68: msg: ICNRWM ct: QYKRNL
    69: msg: WJVALN ct: OFEGUF
    70: msg: MOILMK ct: EMWYHW
    71: msg: LJGVIS ct: LFAFFX
    72: msg: QKGAFB ct: IVAGIT
    73: msg: IAKUGS ct: QBNHJX
    74: msg: ZGTWNK ct: TGSJWW
    75: msg: HCMBVO ct: CYMIBJ
    76: msg: BVXNZN ct: GKRPEF
    77: msg: KPTSPQ ct: ADSDDD
    78: msg: EPKYCD ct: MDNLKQ
    79: msg: EVUSKR ct: MKYDCR
    80: msg: LMIRAR ct: LOWROR
    81: msg: XSJGHA ct: DRFAMC
    82: msg: AIBCDI ct: KUPTPY
    83: msg: BJGWGD ct: GFAJJQ
    84: msg: HPDBUQ ct: CDHILD
    85: msg: VKAHRB ct: FVGUTT
    86: msg: WREMJO ct: OSVXGJ
    87: msg: XLKBOC ct: DXNIAA
    88: msg: PCFURA ct: RYJHTC
    89: msg: LMURRP ct: LOYRTV
    90: msg: TPZSMG ct: ZDZDHZ
    91: msg: DMXFGI ct: XORVJY
    92: msg: TNEKIE ct: ZEVEFH
    93: msg: TYHLHR ct: ZCDYMR
    94: msg: XLQOEY ct: DXLQZI
    95: msg: OZACWS ct: WHGTNX
    96: msg: CIVMPC ct: HUEXDA
    97: msg: BAOIRO ct: GBCBTJ
    98: msg: VVSIGX ct: FKTBJS
    99: msg: CXXJUK ct: HLRWLW
4: rotor: ['Z', 'X', 'Y'], plugboard: [('A', 'H'), ('E', 'Z'), ('F', 'O'), ('I', 'U'), ('K', 'L'), ('P', 'W')] setting: ['X', 'R', 'T']
     0: msg: WIPFUT ct: IBQLNC
     1: msg: QFKBTV ct: TJIEHD
     2: msg: OWXCFO ct: AWUQYZ
     3: msg: KWJCJV ct: FWGQBD
     4: msg: CZJPVU ct: CMGMVE
     5: msg: BOGHZU ct: JPJVDE
     6: msg: UEXQOZ ct: PHUCGO
     7: msg: LEQLNM ct: LHPFUI
     8: msg: QFMKIT ct: TJLNCC
     9: msg: JHDJQO ct: BECGKZ
    10: msg: WXELNZ ct: IQHFUO
    11: msg: TOVBXJ ct: QPTEMN
    12: msg: LFFLPA ct: LJYFLF
    13: msg: YDLZPQ ct: DGMALP
    14: msg: UKFWBH ct: PTYDJH
    15: msg: NWLRBY ct: EWMXJY
    16: msg: MFWJOK ct: RJOGGR
    17: msg: UPIOEG ct: POKOWX
    18: msg: QWONHQ ct: TWWKTP
    19: msg: NZEOEK ct: EMHOWR
    20: msg: WFFLKR ct: IJYFQK
    21: msg: IWFOSZ ct: WWYORO
    22: msg: FYBHPG ct: KLSVLX
    23: msg: UPFAGH ct: POYZOH
    24: msg: PKEUJZ ct: UTHIBO
    25: msg: WAQBXB ct: INPEMW
    26: msg: MBCOGE ct: RIDOOU
    27: msg: EUVJLA ct: NVTGPF
    28: msg: JWTTJR ct: BWVTBK
    29: msg: DHNGQG ct: YEZJKX
    30: msg: PUKFKG ct: UVILQX
    31: msg: HVWWGP ct: XUODOQ
    32: msg: IFTCGW ct: WJVQOB
    33: msg: KRFSAU ct: FRYYAE
    34: msg: FYCTJK ct: KLDTBR
    35: msg: NWNONA ct: EWZOUF
    36: msg: NRSRER ct: ERBXWK
    37: msg: EZXWBW ct: NMUDJB
    38: msg: MLJIUW ct: RYGUNB
    39: msg: CVZSXD ct: CUNYMV
    40: msg: JFQEHA ct: BJPBTF
    41: msg: HVIAXD ct: XUKZMV
    42: msg: AKUTXY ct: OTXTMY
    43: msg: VXZYJH ct: ZQNSBH
    44: msg: UVODNZ ct: PUWWUO
    45: msg: TOBBTV ct: QPSEHD
    46: msg: GSYNTV ct: SCFKHD
    47: msg: RPKLFO ct: MOIFYZ
    48: msg: SLMVIM ct: GYLHCI
    49: msg: QFDDTM ct: TJCWHI
    50: msg: CPCVPO ct: CODHLZ
    51: msg: PMVSFX ct: UZTYYG
    52: msg: PPTEUD ct: UOVBNV
    53: msg: XLOZYB ct: HYWAFW
    54: msg: YZLTZJ ct: DMMTDN
    55: msg: HLADLI ct: XYAWPM
    56: msg: GUBBIN ct: SVSECJ
    57: msg: MGSNCX ct: RDBKIG
    58: msg: VHTAEU ct: ZEVZWE
    59: msg: RUKVST ct: MVIHRC
    60: msg: DSWYAX ct: YCOSAG
    61: msg: CWIFIN ct: CWKLCJ
    62: msg: VMRHDT ct: ZZRVZC
    63: msg: JQBQGL ct: BXSCOS
    64: msg: UXUEEH ct: PQXBWH
    65: msg: JGCOBX ct: BDDOJG
    66: msg: AFATLY ct: OJATPY
    67: msg: NGBGFO ct: EDSJYZ
    68: msg: JWLFCJ ct: BWMLIN
    69: msg: VVSVEW ct: ZUBHWB
    70: msg: SMBQLK ct: GZSCPR
    71: msg: WMRMNB ct: IZRPUW
    72: msg: EQKGCT ct: NXIJIC
    73: msg: OUYKRK ct: AVFNSR
    74: msg: CJYUTH ct: CFFIHH
    75: msg: IBBVVI ct: WISHVM
    76: msg: KAWEFR ct: FNOBYK
    77: msg: TOIJCC ct: QPKGIT
    78: msg: VQSMWB ct: ZXBPEW
    79: msg: TBFDCM ct: QIYWII
    80: msg: AODGCZ ct: OPCJIO
    81: msg: HUNUYI ct: XVZIFM
    82: msg: DKAZQA ct: YTAAKF
    83: msg: AIMLJA ct: OBLFBF
    84: msg: XNRWCN ct: HARDIJ
    85: msg: WDBDNA ct: IGSWUF
    86: msg: UDRSHV ct: PGRYTD
    87: msg: KBNLUJ ct: FIZFNN
    88: msg: RGHEMS ct: MDEBXL
    89: msg: AGJRVQ ct: ODGXVP
    90: msg: XLFHLQ ct: HYYVPP
    91: msg: IVXJYD ct: WUUGFV
    92: msg: XQOEGQ ct: HXWBOP
    93: msg: YGQQYD ct: DDPCFV
    94: msg: FPZQBF ct: KONCJA
    95: msg: SAQYZG ct: GNPSDX
    96: msg: JZNUOE ct: BMZIGU
    97: msg: MZEOWW ct: RMHOEB
    98: msg: YWURKT ct: DWXXQC
    99: msg: EMRLKZ ct: NZRFQO
5: rotor: ['X', 'Z', 'Y'], plugboard: [('A', 'H'), ('C', 'Q'), ('E', 'M'), ('F', 'Y'), ('G', 'S'), ('R', 'W')] setting: ['P', 'X', 'K']
     0: msg: YXDRNW ct: BDMIMA
     1: msg: MSRNWP ct: KNVPWS
     2: msg: WTDEUA ct: VTMWPW
     3: msg: UZAKIJ ct: DLAKXI
     4: msg: CVMSRW ct: CEDQQA
     5: msg: GFFVUH ct: AMQGPU
     6: msg: QWYEDG ct: RGGWYR
     7: msg: KTYYER ct: MTGFEG
     8: msg: YHVYUV ct: BQRFPE
     9: msg: PHCTQI ct: NQWTRJ
    10: msg: DRTYIC ct: UPBFXX
    11: msg: WAFUZL ct: VYQJFQ
    12: msg: XQGDOP ct: ZHYBGS
    13: msg: PGLFMP ct: NWKYNS
    14: msg: OXGATK ct: TDYZBO
    15: msg: FASTBP ct: HYPTTS
    16: msg: BTERMR ct: YTHING
    17: msg: JJBOHL ct: LOTCSQ
    18: msg: OYQQFQ ct: TAFSZL
    19: msg: ZJCVQN ct: XOWGRF
    20: msg: TZOBYM ct: OLIDDM
    21: msg: JFKQIY ct: LMLSXT
    22: msg: HFGTGH ct: FMYTOU
    23: msg: ZXPRBK ct: XDSITO
    24: msg: CZDPSG ct: CLMNHR
    25: msg: NJBGFJ ct: POTVZI
    26: msg: CMPUYD ct: CFSJDD
    27: msg: NYJPWV ct: PAJNWE
    28: msg: UUZINI ct: DBNRMJ
    29: msg: TNVRCG ct: OSRIVR
    30: msg: LDPIED ct: JXSRED
    31: msg: KAAZVC ct: MYAACX
    32: msg: VEKHFS ct: WVLLZP
    33: msg: KDQGEJ ct: MXFVEI
    34: msg: XDNNAT ct: ZXZPKY
    35: msg: CHHBKN ct: CQEDAF
    36: msg: XROQOR ct: ZPISGG
    37: msg: UOVEHL ct: DJRWSQ
    38: msg: KOONHG ct: MJIPSR
    39: msg: BBCALH ct: YUWZJU
    40: msg: GLPPBI ct: AZSNTJ
    41: msg: QKJXNI ct: RCJMMJ
    42: msg: YMHRGA ct: BFEIOW
    43: msg: STDVFF ct: STMGZN
    44: msg: TESQKG ct: OVPSAR
    45: msg: KQSHHL ct: MHPLSQ
    46: msg: VOHYNH ct: WJEFMU
    47: msg: RRORLT ct: QPIIJY
    48: msg: JAMGYL ct: LYDVDQ
    49: msg: YHUMZC ct: BQXXFX
    50: msg: CXQRAT ct: CDFIKY
    51: msg: VHLOPG ct: WQKCUR
    52: msg: QIWHVK ct: RICLCO
    53: msg: QFZOBX ct: RMNCTC
    54: msg: HRPLFZ ct: FPSHZB
    55: msg: OTCEFL ct: TTWWZQ
    56: msg: PSBFLK ct: NNTYJO
    57: msg: FWXUAZ ct: HGUJKB
    58: msg: MJOXOP ct: KOIMGS
    59: msg: TDHRAR ct: OXEIKG
    60: msg: FNTPOR ct: HSBNGG
    61: msg: HNAGKD ct: FSAVAD
    62: msg: NQVJWI ct: PHRUWJ
    63: msg: LEGCFG ct: JVYOZR
    64: msg: TGNMWG ct: OWZXWR
    65: msg: TUFFUB ct: OBQYPZ
    66: msg: IGVGWY ct: EWRVWT
    67: msg: EPZEUX ct: IRNWPC
    68: msg: YHBUPA ct: BQTJUW
    69: msg: CWWNHU ct: CGCPSH
    70: msg: AMESJD ct: GFHQLD
    71: msg: AQGDMJ ct: GHYBNI
    72: msg: TFHOZF ct: OMECFN
    73: msg: KDFJKM ct: MXQUAM
    74: msg: RRAKJP ct: QPAKLS
    75: msg: ZSERFK ct: XNHIZO
    76: msg: SKRBXR ct: SCVDIG
    77: msg: EZSPMA ct: ILPNNW
    78: msg: HHNEJG ct: FQZWLR
    79: msg: RIWDGV ct: QICBOE
    80: msg: LQEYAH ct: JHHFKU
    81: msg: RBBQAC ct: QUTSKX
    82: msg: LHQCXG ct: JQFOIR
    83: msg: FXYWLO ct: HDGEJK
    84: msg: TEJKZQ ct: OVJKFL
    85: msg: CVGAGQ ct: CEYZOL
    86: msg: MLCJVD ct: KZWUCD
    87: msg: BVEOJE ct: YEHCLV
    88: msg: QOTNUK ct: RJBPPO
    89: msg: ITPOAP ct: ETSCKS
    90: msg: TNJVMK ct: OSJGNO
    91: msg: FBBFHB ct: HUTYSZ
    92: msg: PPFEAP ct: NRQWKS
    93: msg: MZWZHL ct: KLCASQ
    94: msg: TOOZFI ct: OJIAZJ
    95: msg: HEMHQN ct: FVDLRF
    96: msg: GHLFQU ct: AQKYRH
    97: msg: WPOXGA ct: VRIMOW
    98: msg: DDXBLQ ct: UXUDJL
    99: msg: OXLYSM ct: TDKFHM
6: rotor: ['Z', 'X', 'Y'], plugboard: [('A', 'W'), ('B', 'P'), ('C', 'Y'), ('D', 'L'), ('E', 'N'), ('G', 'I')] setting: ['W', 'S', 'G']
     0: msg: BRPHZK ct: ZSZHKQ
     1: msg: RLIJSE ct: NTIVAU
     2: msg: ZKFVLQ ct: BFDJOK
     3: msg: FBDHGY ct: KQFHDA
     4: msg: OMDDUG ct: SMFYCP
     5: msg: LTPUFB ct: MLZZFJ
     6: msg: PMJIQE ct: PMOLYU
     7: msg: GMTZKZ ct: GMWUZW
     8: msg: OBKJBQ ct: SQNVWK
     9: msg: CYEAVB ct: WYCQXJ
    10: msg: JDVVZM ct: AOMJKT
    11: msg: RZRMUE ct: NWUBCU
    12: msg: SJYJEW ct: OEQVEZ
    13: msg: ULQQCY ct: QTYAUA
    14: msg: WJBAAI ct: CEBQSD
    15: msg: KKAQHY ct: FFHAPA
    16: msg: LKCIRW ct: MFELMZ
    17: msg: JZKMWP ct: AWNBBG
    18: msg: NNSJUO ct: RXLVCX
    19: msg: IHFAHD ct: EVDQPI
    20: msg: KPRWMG ct: FGUWRP
    21: msg: JMERHW ct: AMCCPZ
    22: msg: SNDQJO ct: OXFATX
    23: msg: IHEKSO ct: EVCOAX
    24: msg: VVJNXJ ct: DHOGVB
    25: msg: MLPUSS ct: LTZZAR
    26: msg: OZQNNY ct: SWYGIA
    27: msg: TECBKH ct: HJEMZL
    28: msg: NZSIRI ct: RWLLMD
    29: msg: IFDZUD ct: EKFUCI
    30: msg: NWHHVG ct: RZAHXP
    31: msg: JQOGZW ct: ABJNKZ
    32: msg: EBAWHZ ct: IQHWPW
    33: msg: QOGSXQ ct: UDXXVK
    34: msg: LOBITX ct: MDBLJO
    35: msg: ARJSBP ct: JSOXWG
    36: msg: NNQQHM ct: RXYAPT
    37: msg: FRYSKA ct: KSQXZY
    38: msg: YGFHQV ct: XPDHYV
    39: msg: ZZLCQR ct: BWSRYS
    40: msg: PUZOCG ct: PIPKUP
    41: msg: TGSVBN ct: HPLJWC
    42: msg: QSABWS ct: URHMBR
    43: msg: TRQGVH ct: HSYNXL
    44: msg: BCXUME ct: ZAGZRU
    45: msg: GYTPRT ct: GYWFMM
    46: msg: IYRXGQ ct: EYUSDK
    47: msg: DWJLLD ct: VZOIOI
    48: msg: OFTLAP ct: SKWISG
    49: msg: CEISOW ct: WJIXLZ
    50: msg: IRBPGT ct: ESBFDM
    51: msg: VISTJM ct: DULETT
    52: msg: DIVOUN ct: VUMKCC
    53: msg: RXVDWS ct: NNMYBR
    54: msg: XUKMJP ct: YINBTG
    55: msg: NPDSSA ct: RGFXAY
    56: msg: DCIGYC ct: VAINQN
    57: msg: WEQXWU ct: CJYSBE
    58: msg: CQWTWN ct: WBTEBC
    59: msg: DZWDOK ct: VWTYLQ
    60: msg: UEQUUV ct: QJYZCV
    61: msg: HJYABI ct: TEQQWD
    62: msg: XVEKBA ct: YHCOWY
    63: msg: XSWBQC ct: YRTMYN
    64: msg: ALMRKV ct: JTVCZV
    65: msg: IZIPLV ct: EWIFOV
    66: msg: GCQSHZ ct: GAYXPW
    67: msg: WDCHQX ct: COEHYO
    68: msg: WBIBOA ct: CQIMLY
    69: msg: DTAZOU ct: VLHULE
    70: msg: HBKNQJ ct: TQNGYB
    71: msg: IXBLHR ct: ENBIPS
    72: msg: DXTUGC ct: VNWZDN
    73: msg: WNMCUV ct: CXVRCV
    74: msg: VKICUI ct: DFIRCD
    75: msg: NZEUWE ct: RWCZBU
    76: msg: NTKPNN ct: RLNFIC
    77: msg: VVKUSC ct: DHNZAN
    78: msg: QOZSUW ct: UDPXCZ
    79: msg: PXXRDT ct: PNGCGM
    80: msg: XCQOTM ct: YAYKJT
    81: msg: DRGWNC ct: VSXWIN
    82: msg: YSEDDM ct: XRCYGT
    83: msg: GGSVGU ct: GPLJDE
    84: msg: VUFQGU ct: DIDADE
    85: msg: GNCGLA ct: GXENOY
    86: msg: RGPSUB ct: NPZXCJ
    87: msg: ZTFXCL ct: BLDSUH
    88: msg: HKRGQA ct: TFUNYY
    89: msg: ERNAOZ ct: ISKQLW
    90: msg: TFIXDW ct: HKISGZ
    91: msg: NVCNIV ct: RHEGNV
    92: msg: YMZVPX ct: XMPJHO
    93: msg: QCGXVL ct: UAXSXH
    94: msg: GMKGCX ct: GMNNUO
    95: msg: BNUFRZ ct: ZXRPMW
    96: msg: YZMQRK ct: XWVAMQ
    97: msg: OJWSDM ct: SETXGT
    98: msg: KXWEBP ct: FNTTWG
    99: msg: AQAZPP ct: JBHUHG
7: rotor: ['Z', 'Y', 'X'], plugboard: [('A', 'G'), ('F', 'P'), ('J', 'Z'), ('K', 'W'), ('R', 'U'), ('S', 'X')] setting: ['M', 'G', 'D']
     0: msg: RXEZYG ct: BTXSQY
     1: msg: BCVODG ct: RRVHXY
     2: msg: DTRJAJ ct: IXNXTH
     3: msg: YIKCAC ct: FYJYTX
     4: msg: AHNYYB ct: ALRCQB
     5: msg: UXIZPY ct: XTUSVG
     6: msg: XNUGWX ct: UMIDNC
     7: msg: KFVXEH ct: TGVJUJ
     8: msg: VCCFEJ ct: JRBFUH
     9: msg: OYODSG ct: SITGOY
    10: msg: YZYYUP ct: FJYCES
    11: msg: DVHCUV ct: IVFYEU
    12: msg: ZSAUTZ ct: NULPAT
    13: msg: HIXEKT ct: HYEBIZ
    14: msg: ZWHHAV ct: NWFOTU
    15: msg: GKPHFQ ct: MPGOBL
    16: msg: DGBDZA ct: IFCGZD
    17: msg: SHMRTP ct: OLWWAS
    18: msg: BLEARI ct: RHXACF
    19: msg: SOSOEF ct: OQDHUI
    20: msg: ZTXZPR ct: NXESVE
    21: msg: QNMUDK ct: LMWPXK
    22: msg: HOPPTF ct: HQGUAI
    23: msg: LZKVYE ct: QJJKQR
    24: msg: RDWYYT ct: BEMCQZ
    25: msg: EMQWHO ct: PNZRGW
    26: msg: OSCFGP ct: SUBFHS
    27: msg: PAKKBI ct: EBJVFF
    28: msg: ZXSQWJ ct: NTDINH
    29: msg: OVNDSR ct: SVRGOE
    30: msg: IMLPDG ct: DNAUXY
    31: msg: QOHZNO ct: LQFSWW
    32: msg: CXSFSL ct: WTDFOQ
    33: msg: XXVKAN ct: UTVVTM
    34: msg: SYUATQ ct: OIIAAL
    35: msg: PLULYT ct: EHINQZ
    36: msg: WHWWFH ct: CLMRBJ
    37: msg: VHQPLL ct: JLZUJQ
    38: msg: LZOVRQ ct: QJTKCL
    39: msg: BDSHJU ct: REDOLV
    40: msg: PSMQAP ct: EUWITS
    41: msg: PJCBXM ct: EZBEDN
    42: msg: OIANNQ ct: SYLLWL
    43: msg: PPRYDJ ct: EKNCXH
    44: msg: WVANEA ct: CVLLUD
    45: msg: PVBGCM ct: EVCDRN
    46: msg: VLWUDK ct: JHMPXK
    47: msg: YCHOJF ct: FRFHLI
    48: msg: CIYJHV ct: WYYXGU
    49: msg: BTFGXQ ct: RXHDDL
    50: msg: JWAYKO ct: VWLCIW
    51: msg: BTTNDU ct: RXOLXV
    52: msg: LKFQNK ct: QPHIWK
    53: msg: QNYDDD ct: LMYGXA
    54: msg: NARGUU ct: ZBNDEV
    55: msg: VCEXSQ ct: JRXJOL
    56: msg: CPTAHC ct: WKOAGX
    57: msg: BMNSBX ct: RNRZFC
    58: msg: DPZWNN ct: IKQRWM
    59: msg: IUTGBP ct: DSODFS
    60: msg: AEDEKD ct: ADSBIA
    61: msg: DHTVKD ct: ILOKIA
    62: msg: SWVDJA ct: OWVGLD
    63: msg: RMXEBU ct: BNEBFV
    64: msg: DZVFRU ct: IJVFCV
    65: msg: WQJKKK ct: COKVIK
    66: msg: EXSFKA ct: PTDFID
    67: msg: EAOHND ct: PBTOWA
    68: msg: DGKQIE ct: IFJIKR
    69: msg: HKPAFZ ct: HPGABT
    70: msg: LOAAZE ct: QQLAZR
    71: msg: UUPAGO ct: XSGAHW
    72: msg: XNPZVF ct: UMGSPI
    73: msg: KZYTJG ct: TJYMLY
    74: msg: KIRQTS ct: TYNIAP
    75: msg: RTIAPL ct: BXUAVQ
    76: msg: MMZBQA ct: GNQEYD
    77: msg: FEOSQF ct: YDTZYI
    78: msg: DOUGWW ct: IQIDNO
    79: msg: EULLGT ct: PSANHZ
    80: msg: QEHMSW ct: LDFTOO
    81: msg: FJPLKS ct: YZGNIP
    82: msg: WTTKYA ct: CXOVQD
    83: msg: EMEIEL ct: PNXQUQ
    84: msg: GTPRUU ct: MXGWEV
    85: msg: VQYSBK ct: JOYZFK
    86: msg: NRMPNL ct: ZCWUWQ
    87: msg: UCZFMM ct: XRQFMN
    88: msg: MBCYSI ct: GABCOF
    89: msg: DIKMLB ct: IYJTJB
    90: msg: VMQLLH ct: JNZNJJ
    91: msg: GSMNKU ct: MUWLIV
    92: msg: PPIEKP ct: EKUBIS
    93: msg: LIELWU ct: QYXNNV
    94: msg: PWTFXG ct: EWOFDY
    95: msg: CXXJYE ct: WTEXQR
    96: msg: LEJHLN ct: QDKOJM
    97: msg: HENTOW ct: HDRMSO
    98: msg: UPUZMC ct: XKISMX
    99: msg: VEUKXZ ct: JDIVDT
8: rotor: ['Y', 'Z', 'X'], plugboard: [('A', 'U'), ('C', 'O'), ('E', 'J'), ('G', 'M'), ('K', 'W'), ('T', 'Y')] setting: ['I', 'Y', 'E']
     0: msg: BCHSDX ct: AMDRLL
     1: msg: JPZPXB ct: ZBNMKZ
     2: msg: UYTQJW ct: PACJIR
     3: msg: EVMKVW ct: TQYTYR
     4: msg: GYZZMZ ct: CANZCB
     5: msg: WYGNYL ct: VAKOVX
     6: msg: YWRXFE ct: LWQDFN
     7: msg: AFVDYT ct: BEEXVU
     8: msg: OLTOVP ct: DJCNYY
     9: msg: OQZUUI ct: DVNIRS
    10: msg: DHVCBK ct: OOECPD
    11: msg: IRLFBW ct: MKPAPR
    12: msg: GLKJTT ct: CJGQZU
    13: msg: TKGNGI ct: ERKOGS
    14: msg: KNVSZS ct: HDERTI
    15: msg: BZEIWP ct: AZVUAY
    16: msg: YQUBWW ct: LVAHAR
    17: msg: FEWPQT ct: RFIMEU
    18: msg: OTUJST ct: DSAQHU
    19: msg: XLKFPM ct: XJGABQ
    20: msg: UNKPHM ct: PDGMSQ
    21: msg: BNQSNA ct: ADRROA
    22: msg: DGQHLN ct: OXRBDE
    23: msg: TYZEWQ ct: EANLAM
    24: msg: JTWSLH ct: ZSIRDF
    25: msg: YBSJGO ct: LPFQGC
    26: msg: FNQHAV ct: RDRBWV
    27: msg: UPIFVU ct: PBWAYT
    28: msg: NZJUAS ct: SZJIWI
    29: msg: KLNAZJ ct: HJZFTG
    30: msg: OJWZZQ ct: DLIZTM
    31: msg: NXYEBT ct: SGMLPU
    32: msg: FQMCEH ct: RVYCQF
    33: msg: XQUVGX ct: XVAYGL
    34: msg: WBXJBD ct: VPOQPK
    35: msg: SVRENY ct: NQQLOP
    36: msg: XMCIKB ct: XCTUXZ
    37: msg: GYNHOM ct: CAZBNQ
    38: msg: DORFDJ ct: OHQALG
    39: msg: XNOGHG ct: XDXWSJ
    40: msg: HKCRFE ct: KRTSFN
    41: msg: NVJRLT ct: SQJSDU
    42: msg: FFLNYC ct: REPOVO
    43: msg: KJMGEH ct: HLYWQF
    44: msg: BAUADC ct: AYAFLO
    45: msg: OUFBTJ ct: DISHZG
    46: msg: ULGRJW ct: PJKSIR
    47: msg: QJDURY ct: QLHIUP
    48: msg: RFTWMS ct: FECGCI
    49: msg: GERZEJ ct: CFQZQG
    50: msg: GSUSJR ct: CTARIW
    51: msg: IISNCK ct: MUFOMD
    52: msg: QQVFCI ct: QVEAMS
    53: msg: WQZGDY ct: VVNWLP
    54: msg: LDAZZZ ct: YNUZTB
    55: msg: YUUYYX ct: LIAVVL
    56: msg: KTUWCY ct: HSAGMP
    57: msg: JHHFTW ct: ZODAZR
    58: msg: IYJACW ct: MAJFMR
    59: msg: YTDEBQ ct: LSHLPM
    60: msg: XINNGW ct: XUZOGR
    61: msg: QGBJUS ct: QXBQRI
    62: msg: XPKKYH ct: XBGTVF
    63: msg: KRYTGU ct: HKMKGT
    64: msg: HHYNPJ ct: KOMOBG
    65: msg: PJXYAV ct: ULOVWV
    66: msg: QHMFEU ct: QOYAQT
    67: msg: JRUHQX ct: ZKABEL
    68: msg: XGWSAE ct: XXIRWN
    69: msg: KBDOCJ ct: HPHNMG
    70: msg: NLEPHZ ct: SJVMSB
    71: msg: GAWNXD ct: CYIOKK
    72: msg: ELHCIU ct: TJDCJT
    73: msg: UCDNRS ct: PMHOUI
    74: msg: UQERHY ct: PVVSSP
    75: msg: KWUKMX ct: HWATCL
    76: msg: LZTBHT ct: YZCHSU
    77: msg: VCXPJQ ct: WMOMIM
    78: msg: LYZKRH ct: YANTUF
    79: msg: PGRNAE ct: UXQOWN
    80: msg: JVTBUY ct: ZQCHRP
    81: msg: MGUUBA ct: IXAIPA
    82: msg: TWYWLR ct: EWMGDW
    83: msg: EKCJCA ct: TRTQMA
    84: msg: KNMQGK ct: HDYJGD
    85: msg: GQYYGY ct: CVMVGP
    86: msg: WRTZEG ct: VKCZQJ
    87: msg: IULKUO ct: MIPTRC
    88: msg: YCFRDJ ct: LMSSLG
    89: msg: SDOQME ct: NNXJCN
    90: msg: OEQKYL ct: DFRTVX
    91: msg: GDSLFN ct: CNFEFE
    92: msg: YPTBPA ct: LBCHBA
    93: msg: SKIGJN ct: NRWWIE
    94: msg: TYTYBF ct: EACVPH
    95: msg: LDVAGB ct: YNEFGZ
    96: msg: GJLSQD ct: CLPREK
    97: msg: PGJFOV ct: UXJANV
    98: msg: SZCSTI ct: NZTRZS
    99: msg: ODHCHC ct: DNDCSO
9: rotor: ['X', 'Z', 'Y'], plugboard: [('A', 'H'), ('B', 'N'), ('C', 'Q'), ('F', 'X'), ('L', 'M'), ('O', 'U')] setting: ['J', 'D', 'V']
     0: msg: XETREM ct: HHFBWG
     1: msg: BHULAA ct: ZEEVUK
     2: msg: TNDSZA ct: KJOJBK
     3: msg: QKROLC ct: WQBFDZ
     4: msg: QOVCYM ct: WBJYRG
     5: msg: TOWBDI ct: KBLRLN
     6: msg: WWVULB ct: QRJIDT
     7: msg: POFZCS ct: VBTNNS
     8: msg: VGOSHV ct: PYDJHQ
     9: msg: SXBILY ct: ATRUDE
    10: msg: ZPCACJ ct: BDPKNX
    11: msg: ETKRZB ct: OXQBBT
    12: msg: ZFJGRL ct: BIVEYH
    13: msg: ODWHNV ct: EPLQCQ
    14: msg: IENDRW ct: CHZXYP
    15: msg: MIQVQT ct: NFKLGB
    16: msg: FUSCTO ct: LVSYSF
    17: msg: FMFJNO ct: LZTSCF
    18: msg: XDCMTW ct: HPPWSP
    19: msg: EUSRZZ ct: OVSBBC
    20: msg: UZFORJ ct: RMTFYX
    21: msg: AFSZZN ct: SISNBI
    22: msg: NKKBJZ ct: MQQRPC
    23: msg: EICGDH ct: OFPELL
    24: msg: LEYGJK ct: FHAEPA
    25: msg: ZBBPZI ct: BORPBN
    26: msg: GSPEOB ct: GACGVT
    27: msg: VUPFHN ct: PVCOHI
    28: msg: TNWUZQ ct: KJLIBV
    29: msg: BRTEHT ct: ZWFGHB
    30: msg: WKQJQI ct: QQKSGN
    31: msg: OUXWQQ ct: EVMMGV
    32: msg: UUWRYB ct: RVLBRT
    33: msg: GDSFPA ct: GPSOJK
    34: msg: BLOCUZ ct: ZLDYAC
    35: msg: OVEQLA ct: EUUHDK
    36: msg: PWFRXP ct: VRTBIW
    37: msg: GMKKLV ct: GZQADQ
    38: msg: FPPCND ct: LDCYCR
    39: msg: UJXNMV ct: RNMZMQ
    40: msg: UCJYHX ct: RCVCHJ
    41: msg: BPGXNL ct: ZDIDCH
    42: msg: HZWQIP ct: XMLHXW
    43: msg: ORGKPL ct: EWIAJH
    44: msg: QNYKAH ct: WJAAUL
    45: msg: SFEVFZ ct: AIULKC
    46: msg: CWZOTH ct: IRNFSL
    47: msg: WCIZGM ct: QCGNQG
    48: msg: RHQVMF ct: UEKLMO
    49: msg: EQGPFD ct: OKIPKR
    50: msg: XQWDVC ct: HKLXOZ
    51: msg: PESYFF ct: VHSCKO
    52: msg: CKXMXI ct: IQMWIN
    53: msg: VEHGKI ct: PHHEFN
    54: msg: TQZWMY ct: KKNMME
    55: msg: DMKTOZ ct: JZQTVC
    56: msg: OKHWED ct: EQHMWR
    57: msg: ECFGAI ct: OCTEUN
    58: msg: YMPWLB ct: YZCMDT
    59: msg: LFXELJ ct: FIMGDX
    60: msg: AWXUGF ct: SRMIQO
    61: msg: QBANJJ ct: WOYZPX
    62: msg: RWCWSI ct: URPMTN
    63: msg: DIBXKS ct: JFRDFS
    64: msg: SORZDZ ct: ABBNLC
    65: msg: CNZOEA ct: IJNFWK
    66: msg: IVNRRM ct: CUZBYG
    67: msg: OLEGBQ ct: ELUEZV
    68: msg: VOPOJS ct: PBCFPS
    69: msg: XRBLXB ct: HWRVIT
    70: msg: GIRNPG ct: GFBZJM
    71: msg: GXYNTH ct: GTAZSL
    72: msg: YMFYCQ ct: YZTCNV
    73: msg: FUFYZO ct: LVTCBF
    74: msg: GZVSAK ct: GMJJUA
    75: msg: BDGGMI ct: ZPIEMN
    76: msg: ODJEUR ct: EPVGAD
    77: msg: JUSFBP ct: DVSOZW
    78: msg: VZUCQO ct: PMEYGF
    79: msg: KJGUTP ct: TNIISW
    80: msg: RMAKDY ct: UZYALE
    81: msg: QUOPWO ct: WVDPEF
    82: msg: XBPLBY ct: HOCVZE
    83: msg: MQATXH ct: NKYTIL
    84: msg: YHPNRF ct: YECZYO
    85: msg: HVZCVL ct: XUNYOH
    86: msg: UJFTXM ct: RNTTIG
    87: msg: CIZKFR ct: IFNAKD
    88: msg: BIZLAD ct: ZFNVUR
    89: msg: VEHOMZ ct: PHHFMC
    90: msg: EMKQOT ct: OZQHVB
    91: msg: RTABAT ct: UXYRUB
    92: msg: JXFPXL ct: DTTPIH
    93: msg: UTUXYB ct: RXEDRT
    94: msg: ZPCKJG ct: BDPAPM
    95: msg: LPKPNX ct: FDQPCJ
    96: msg: LDUZII ct: FPENXN
    97: msg: BOUFNK ct: ZBEOCA
    98: msg: XDMXFH ct: HPXDKL
    99: msg: WHBOCA ct: QERFNK
